READY....
Listening...
Stopped listening, please wait...
000000000: HELLO
READY....
Listening...
Stopped listening, please wait...
000000001: NO
READY....
Listening...
Stopped listening, please wait...
000000002: NO
READY....
Listening...
Stopped listening, please wait...
000000003: MY NAME IS RAEESA
READY....
Listening...
Stopped listening, please wait...
000000004: MY NAME IS CAITLIN
READY....
Listening...
Stopped listening, please wait...
000000005: DELIVER
READY....
Listening...
Stopped listening, please wait...
000000006: TWO HUNDRED
READY....
Listening...
Stopped listening, please wait...
000000007: HI TURTLEBOT
READY....
Listening...
Stopped listening, please wait...
000000008: NO
READY....
Listening...
Stopped listening, please wait...
000000009: HEY TURTLEBOT
READY....
Listening...
Stopped listening, please wait...
000000010: TWO ONE ONE
READY....
Listening...
Stopped listening, please wait...
000000011: MY NAME IS CAITLIN
READY....
Listening...
Stopped listening, please wait...
000000012: YES
READY....
Listening...
