INFO: cmd_ln.c(691): Parsing command line:
pocketsphinx_continuous \
	-inmic yes \
	-jsgf grammar.jsgf \
	-dict turtlebot_dic.dic 

Current configuration:
[NAME]		[DEFLT]		[VALUE]
-adcdev				
-agc		none		none
-agcthresh	2.0		2.000000e+00
-alpha		0.97		9.700000e-01
-argfile			
-ascale		20.0		2.000000e+01
-aw		1		1
-backtrace	no		no
-beam		1e-48		1.000000e-48
-bestpath	yes		yes
-bestpathlw	9.5		9.500000e+00
-bghist		no		no
-ceplen		13		13
-cmn		current		current
-cmninit	8.0		8.0
-compallsen	no		no
-debug				0
-dict				turtlebot_dic.dic
-dictcase	no		no
-dither		no		no
-doublebw	no		no
-ds		1		1
-fdict				
-feat		1s_c_d_dd	1s_c_d_dd
-featparams			
-fillprob	1e-8		1.000000e-08
-frate		100		100
-fsg				
-fsgusealtpron	yes		yes
-fsgusefiller	yes		yes
-fwdflat	yes		yes
-fwdflatbeam	1e-64		1.000000e-64
-fwdflatefwid	4		4
-fwdflatlw	8.5		8.500000e+00
-fwdflatsfwin	25		25
-fwdflatwbeam	7e-29		7.000000e-29
-fwdtree	yes		yes
-hmm				
-infile				
-input_endian	little		little
-jsgf				grammar.jsgf
-kdmaxbbi	-1		-1
-kdmaxdepth	0		0
-kdtree				
-latsize	5000		5000
-lda				
-ldadim		0		0
-lextreedump	0		0
-lifter		0		0
-lm				
-lmctl				
-lmname		default		default
-logbase	1.0001		1.000100e+00
-logfn				
-logspec	no		no
-lowerf		133.33334	1.333333e+02
-lpbeam		1e-40		1.000000e-40
-lponlybeam	7e-29		7.000000e-29
-lw		6.5		6.500000e+00
-maxhmmpf	-1		-1
-maxnewoov	20		20
-maxwpf		-1		-1
-mdef				
-mean				
-mfclogdir			
-min_endfr	0		0
-mixw				
-mixwfloor	0.0000001	1.000000e-07
-mllr				
-mmap		yes		yes
-ncep		13		13
-nfft		512		512
-nfilt		40		40
-nwpen		1.0		1.000000e+00
-pbeam		1e-48		1.000000e-48
-pip		1.0		1.000000e+00
-pl_beam	1e-10		1.000000e-10
-pl_pbeam	1e-5		1.000000e-05
-pl_window	0		0
-rawlogdir			
-remove_dc	no		no
-round_filters	yes		yes
-samprate	16000		1.600000e+04
-seed		-1		-1
-sendump			
-senlogdir			
-senmgau			
-silprob	0.005		5.000000e-03
-smoothspec	no		no
-svspec				
-time		no		no
-tmat				
-tmatfloor	0.0001		1.000000e-04
-topn		4		4
-topn_beam	0		0
-toprule			
-transform	legacy		legacy
-unit_area	yes		yes
-upperf		6855.4976	6.855498e+03
-usewdphones	no		no
-uw		1.0		1.000000e+00
-var				
-varfloor	0.0001		1.000000e-04
-varnorm	no		no
-verbose	no		no
-warp_params			
-warp_type	inverse_linear	inverse_linear
-wbeam		7e-29		7.000000e-29
-wip		0.65		6.500000e-01
-wlen		0.025625	2.562500e-02

INFO: cmd_ln.c(691): Parsing command line:
\
	-nfilt 20 \
	-lowerf 1 \
	-upperf 4000 \
	-wlen 0.025 \
	-transform dct \
	-round_filters no \
	-remove_dc yes \
	-svspec 0-12/13-25/26-38 \
	-feat 1s_c_d_dd \
	-agc none \
	-cmn current \
	-cmninit 56,-3,1 \
	-varnorm no 

Current configuration:
[NAME]		[DEFLT]		[VALUE]
-agc		none		none
-agcthresh	2.0		2.000000e+00
-alpha		0.97		9.700000e-01
-ceplen		13		13
-cmn		current		current
-cmninit	8.0		56,-3,1
-dither		no		no
-doublebw	no		no
-feat		1s_c_d_dd	1s_c_d_dd
-frate		100		100
-input_endian	little		little
-lda				
-ldadim		0		0
-lifter		0		0
-logspec	no		no
-lowerf		133.33334	1.000000e+00
-ncep		13		13
-nfft		512		512
-nfilt		40		20
-remove_dc	no		yes
-round_filters	yes		no
-samprate	16000		1.600000e+04
-seed		-1		-1
-smoothspec	no		no
-svspec				0-12/13-25/26-38
-transform	legacy		dct
-unit_area	yes		yes
-upperf		6855.4976	4.000000e+03
-varnorm	no		no
-verbose	no		no
-warp_params			
-warp_type	inverse_linear	inverse_linear
-wlen		0.025625	2.500000e-02

INFO: acmod.c(246): Parsed model-specific feature parameters from /usr/share/pocketsphinx/model/hmm/en_US/hub4wsj_sc_8k/feat.params
INFO: feat.c(713): Initializing feature stream to type: '1s_c_d_dd', ceplen=13, CMN='current', VARNORM='no', AGC='none'
INFO: cmn.c(142): mean[0]= 12.00, mean[1..12]= 0.0
INFO: acmod.c(167): Using subvector specification 0-12/13-25/26-38
INFO: mdef.c(517): Reading model definition: /usr/share/pocketsphinx/model/hmm/en_US/hub4wsj_sc_8k/mdef
INFO: mdef.c(528): Found byte-order mark BMDF, assuming this is a binary mdef file
INFO: bin_mdef.c(336): Reading binary model definition: /usr/share/pocketsphinx/model/hmm/en_US/hub4wsj_sc_8k/mdef
INFO: bin_mdef.c(513): 50 CI-phone, 143047 CD-phone, 3 emitstate/phone, 150 CI-sen, 5150 Sen, 27135 Sen-Seq
INFO: tmat.c(205): Reading HMM transition probability matrices: /usr/share/pocketsphinx/model/hmm/en_US/hub4wsj_sc_8k/transition_matrices
INFO: acmod.c(121): Attempting to use SCHMM computation module
INFO: ms_gauden.c(198): Reading mixture gaussian parameter: /usr/share/pocketsphinx/model/hmm/en_US/hub4wsj_sc_8k/means
INFO: ms_gauden.c(292): 1 codebook, 3 feature, size: 
INFO: ms_gauden.c(294):  256x13
INFO: ms_gauden.c(294):  256x13
INFO: ms_gauden.c(294):  256x13
INFO: ms_gauden.c(198): Reading mixture gaussian parameter: /usr/share/pocketsphinx/model/hmm/en_US/hub4wsj_sc_8k/variances
INFO: ms_gauden.c(292): 1 codebook, 3 feature, size: 
INFO: ms_gauden.c(294):  256x13
INFO: ms_gauden.c(294):  256x13
INFO: ms_gauden.c(294):  256x13
INFO: ms_gauden.c(354): 0 variance values floored
INFO: s2_semi_mgau.c(903): Loading senones from dump file /usr/share/pocketsphinx/model/hmm/en_US/hub4wsj_sc_8k/sendump
INFO: s2_semi_mgau.c(927): BEGIN FILE FORMAT DESCRIPTION
INFO: s2_semi_mgau.c(1022): Using memory-mapped I/O for senones
INFO: s2_semi_mgau.c(1296): Maximum top-N: 4 Top-N beams: 0 0 0
INFO: dict.c(317): Allocating 4163 * 32 bytes (130 KiB) for word entries
INFO: dict.c(332): Reading main dictionary: turtlebot_dic.dic
INFO: dict.c(211): Allocated 0 KiB for strings, 0 KiB for phones
INFO: dict.c(335): 56 words read
INFO: dict.c(341): Reading filler dictionary: /usr/share/pocketsphinx/model/hmm/en_US/hub4wsj_sc_8k/noisedict
INFO: dict.c(211): Allocated 0 KiB for strings, 0 KiB for phones
INFO: dict.c(344): 11 words read
INFO: dict2pid.c(396): Building PID tables for dictionary
INFO: dict2pid.c(404): Allocating 50^3 * 2 bytes (244 KiB) for word-initial triphones
INFO: dict2pid.c(131): Allocated 60400 bytes (58 KiB) for word-final triphones
INFO: dict2pid.c(195): Allocated 60400 bytes (58 KiB) for single-phone word triphones
INFO: fsg_search.c(145): FSG(beam: -1080, pbeam: -1080, wbeam: -634; wip: -26, pip: 0)
INFO: jsgf.c(581): Defined rule: <hello.g00000>
INFO: jsgf.c(581): Defined rule: <hello.g00001>
INFO: jsgf.c(581): Defined rule: <hello.0>
INFO: jsgf.c(581): Defined rule: <hello.g00003>
INFO: jsgf.c(581): Defined rule: <hello.1>
INFO: jsgf.c(581): Defined rule: <hello.g00005>
INFO: jsgf.c(581): Defined rule: <hello.g00006>
INFO: jsgf.c(581): Defined rule: <hello.g00007>
INFO: jsgf.c(581): Defined rule: <hello.2>
INFO: jsgf.c(581): Defined rule: <hello.g00009>
INFO: jsgf.c(581): Defined rule: <hello.g00010>
INFO: jsgf.c(581): Defined rule: <hello.g00011>
INFO: jsgf.c(581): Defined rule: <hello.g00012>
INFO: jsgf.c(581): Defined rule: <hello.3>
INFO: jsgf.c(581): Defined rule: <hello.g00014>
INFO: jsgf.c(581): Defined rule: <hello.4>
INFO: jsgf.c(581): Defined rule: <hello.g00016>
INFO: jsgf.c(581): Defined rule: <hello.5>
INFO: jsgf.c(581): Defined rule: <hello.g00018>
INFO: jsgf.c(581): Defined rule: <hello.6>
INFO: jsgf.c(581): Defined rule: <hello.g00020>
INFO: jsgf.c(581): Defined rule: <hello.7>
INFO: jsgf.c(581): Defined rule: <hello.g00022>
INFO: jsgf.c(581): Defined rule: <hello.g00023>
INFO: jsgf.c(581): Defined rule: <hello.g00024>
INFO: jsgf.c(581): Defined rule: <hello.g00025>
INFO: jsgf.c(581): Defined rule: <hello.8>
INFO: jsgf.c(581): Defined rule: <hello.g00027>
INFO: jsgf.c(581): Defined rule: <hello.g00028>
INFO: jsgf.c(581): Defined rule: <hello.g00029>
INFO: jsgf.c(581): Defined rule: <hello.g00030>
INFO: jsgf.c(581): Defined rule: <hello.g00031>
INFO: jsgf.c(581): Defined rule: <hello.9>
INFO: jsgf.c(581): Defined rule: <hello.g00033>
INFO: jsgf.c(581): Defined rule: <hello.10>
INFO: jsgf.c(581): Defined rule: <hello.g00035>
INFO: jsgf.c(581): Defined rule: <hello.11>
INFO: jsgf.c(581): Defined rule: <hello.g00037>
INFO: jsgf.c(581): Defined rule: <hello.12>
INFO: jsgf.c(581): Defined rule: <hello.g00039>
INFO: jsgf.c(581): Defined rule: <hello.13>
INFO: jsgf.c(581): Defined rule: PUBLIC <hello.command>
INFO: fsg_model.c(215): Computing transitive closure for null transitions
INFO: fsg_model.c(270): 361 null transitions added
INFO: fsg_model.c(421): Adding silence transitions for <sil> to FSG
INFO: fsg_model.c(441): Added 178 silence word transitions
INFO: fsg_model.c(421): Adding silence transitions for ++NOISE++ to FSG
INFO: fsg_model.c(441): Added 178 silence word transitions
INFO: fsg_model.c(421): Adding silence transitions for ++BREATH++ to FSG
INFO: fsg_model.c(441): Added 178 silence word transitions
INFO: fsg_model.c(421): Adding silence transitions for ++SMACK++ to FSG
INFO: fsg_model.c(441): Added 178 silence word transitions
INFO: fsg_model.c(421): Adding silence transitions for ++COUGH++ to FSG
INFO: fsg_model.c(441): Added 178 silence word transitions
INFO: fsg_model.c(421): Adding silence transitions for ++LAUGH++ to FSG
INFO: fsg_model.c(441): Added 178 silence word transitions
INFO: fsg_model.c(421): Adding silence transitions for ++TONE++ to FSG
INFO: fsg_model.c(441): Added 178 silence word transitions
INFO: fsg_model.c(421): Adding silence transitions for ++UH++ to FSG
INFO: fsg_model.c(441): Added 178 silence word transitions
INFO: fsg_model.c(421): Adding silence transitions for ++UM++ to FSG
INFO: fsg_model.c(441): Added 178 silence word transitions
INFO: fsg_search.c(366): Added 17 alternate word transitions
INFO: fsg_lextree.c(108): Allocated 18156 bytes (17 KiB) for left and right context phones
INFO: fsg_lextree.c(253): 2184 HMM nodes in lextree (1963 leaves)
INFO: fsg_lextree.c(255): Allocated 279552 bytes (273 KiB) for all lextree nodes
INFO: fsg_lextree.c(258): Allocated 251264 bytes (245 KiB) for lextree leafnodes
INFO: continuous.c(371): pocketsphinx_continuous COMPILED ON: Dec 22 2013, AT: 20:43:21

INFO: cmn_prior.c(121): cmn_prior_update: from < 56.00 -3.00  1.00  0.00  0.00  0.00  0.00  0.00  0.00  0.00  0.00  0.00  0.00 >
INFO: cmn_prior.c(139): cmn_prior_update: to   < 58.40  0.72 -0.63  0.06 -0.55  0.42  0.39 -1.16 -1.12 -0.16 -0.05 -0.23  0.51 >
INFO: fsg_search.c(1032): 74 frames, 22978 HMMs (310/fr), 27496 senones (371/fr), 12761 history entries (172/fr)

INFO: fsg_search.c(1417): Start node ONE(2).0:25:34
INFO: fsg_search.c(1417): Start node YES.0:13:23
INFO: fsg_search.c(1417): Start node YES.0:13:23
INFO: fsg_search.c(1417): Start node YES.0:13:23
INFO: fsg_search.c(1417): Start node YES.0:13:23
INFO: fsg_search.c(1417): Start node GUIDE.0:12:73
INFO: fsg_search.c(1417): Start node ONE.0:11:24
INFO: fsg_search.c(1417): Start node THREE.0:10:13
INFO: fsg_search.c(1417): Start node NINE.0:10:24
INFO: fsg_search.c(1417): Start node SUP.0:8:27
INFO: fsg_search.c(1417): Start node YUP.0:8:37
INFO: fsg_search.c(1417): Start node NOPE.0:8:36
INFO: fsg_search.c(1417): Start node YUP.0:8:37
INFO: fsg_search.c(1417): Start node NOPE.0:8:36
INFO: fsg_search.c(1417): Start node ROOM.0:8:33
INFO: fsg_search.c(1417): Start node ROOM.0:8:33
INFO: fsg_search.c(1417): Start node YUP.0:8:37
INFO: fsg_search.c(1417): Start node NOPE.0:8:36
INFO: fsg_search.c(1417): Start node YUP.0:8:37
INFO: fsg_search.c(1417): Start node NOPE.0:8:36
INFO: fsg_search.c(1417): Start node HI.0:5:15
INFO: fsg_search.c(1417): Start node HEY.0:5:17
INFO: fsg_search.c(1417): Start node YEAH.0:5:47
INFO: fsg_search.c(1417): Start node NO.0:5:28
INFO: fsg_search.c(1417): Start node YEAH.0:5:47
INFO: fsg_search.c(1417): Start node NO.0:5:28
INFO: fsg_search.c(1417): Start node TWO.0:5:29
INFO: fsg_search.c(1417): Start node EIGHT.0:5:27
INFO: fsg_search.c(1417): Start node YEAH.0:5:47
INFO: fsg_search.c(1417): Start node NO.0:5:28
INFO: fsg_search.c(1417): Start node YEAH.0:5:47
INFO: fsg_search.c(1417): Start node NO.0:5:28
INFO: fsg_search.c(1417): Start node <sil>.0:2:28
INFO: fsg_search.c(1417): Start node <sil>.0:2:28
INFO: fsg_search.c(1417): Start node <sil>.0:2:28
INFO: fsg_search.c(1417): Start node <sil>.0:2:28
INFO: fsg_search.c(1417): Start node <sil>.0:2:28
INFO: fsg_search.c(1417): Start node <sil>.0:2:28
INFO: fsg_search.c(1417): Start node <sil>.0:2:28
INFO: fsg_search.c(1417): Start node <sil>.0:2:28
INFO: fsg_search.c(1417): Start node <sil>.0:2:28
INFO: fsg_search.c(1417): Start node <sil>.0:2:28
INFO: fsg_search.c(1417): Start node <sil>.0:2:28
INFO: fsg_search.c(1417): Start node <sil>.0:2:28
INFO: fsg_search.c(1417): Start node <sil>.0:2:28
INFO: fsg_search.c(1417): Start node <sil>.0:2:28
INFO: fsg_search.c(1417): Start node <sil>.0:2:28
INFO: fsg_search.c(1456): End node A.71:73:73 (-530)
INFO: fsg_search.c(1456): End node ME.68:73:73 (-1215)
INFO: fsg_search.c(1456): End node TO(3).66:71:73 (-1175)
INFO: fsg_search.c(1456): End node <sil>.65:67:73 (-854)
INFO: fsg_search.c(1456): End node <sil>.65:67:73 (-854)
INFO: fsg_search.c(1456): End node <sil>.65:67:73 (-854)
INFO: fsg_search.c(1456): End node <sil>.65:67:73 (-854)
INFO: fsg_search.c(1456): End node <sil>.65:67:73 (-854)
INFO: fsg_search.c(1456): End node <sil>.65:67:73 (-854)
INFO: fsg_search.c(1456): End node <sil>.65:67:73 (-854)
INFO: fsg_search.c(1456): End node <sil>.65:67:73 (-854)
INFO: fsg_search.c(1456): End node <sil>.65:67:73 (-854)
INFO: fsg_search.c(1456): End node <sil>.65:67:73 (-854)
INFO: fsg_search.c(1456): End node TO.59:64:73 (-1157)
INFO: fsg_search.c(1456): End node NINE.27:56:73 (-3985)
INFO: fsg_search.c(1456): End node HI.18:23:73 (-1018)
INFO: fsg_search.c(1456): End node GUIDE.0:12:73 (-2452)
INFO: fsg_search.c(1680): lattice start node <s>.0 end node </s>.74
INFO: ps_lattice.c(1365): Normalizer P(O) = alpha(</s>:74:74) = -125541
INFO: ps_lattice.c(1403): Joint P(O,S) = -125542 P(S|O) = -1
INFO: fsg_search.c(1032): 83 frames, 19787 HMMs (238/fr), 24591 senones (296/fr), 10473 history entries (126/fr)

INFO: fsg_search.c(1417): Start node ROOM.0:8:11
INFO: fsg_search.c(1417): Start node TWO.0:5:14
INFO: fsg_search.c(1417): Start node EIGHT.0:5:23
INFO: fsg_search.c(1417): Start node <sil>.0:2:46
INFO: fsg_search.c(1417): Start node <sil>.0:2:46
INFO: fsg_search.c(1417): Start node <sil>.0:2:46
INFO: fsg_search.c(1417): Start node <sil>.0:2:46
INFO: fsg_search.c(1417): Start node <sil>.0:2:46
INFO: fsg_search.c(1417): Start node <sil>.0:2:46
INFO: fsg_search.c(1417): Start node <sil>.0:2:46
INFO: fsg_search.c(1417): Start node <sil>.0:2:46
INFO: fsg_search.c(1417): Start node <sil>.0:2:46
INFO: fsg_search.c(1417): Start node <sil>.0:2:46
INFO: fsg_search.c(1417): Start node <sil>.0:2:46
INFO: fsg_search.c(1417): Start node <sil>.0:2:46
INFO: fsg_search.c(1417): Start node <sil>.0:2:46
INFO: fsg_search.c(1417): Start node <sil>.0:2:46
INFO: fsg_search.c(1417): Start node <sil>.0:2:46
INFO: fsg_search.c(1417): Start node <sil>.0:2:46
INFO: fsg_search.c(1417): Start node <sil>.0:2:46
INFO: fsg_search.c(1417): Start node <sil>.0:2:46
INFO: fsg_search.c(1417): Start node <sil>.0:2:46
INFO: fsg_search.c(1417): Start node <sil>.0:2:46
INFO: fsg_search.c(1417): Start node <sil>.0:2:46
INFO: fsg_search.c(1417): Start node <sil>.0:2:46
INFO: fsg_search.c(1417): Start node <sil>.0:2:46
INFO: fsg_search.c(1417): Start node <sil>.0:2:46
INFO: fsg_search.c(1417): Start node <sil>.0:2:46
INFO: fsg_search.c(1417): Start node <sil>.0:2:46
INFO: fsg_search.c(1417): Start node <sil>.0:2:46
INFO: fsg_search.c(1417): Start node <sil>.0:2:46
INFO: fsg_search.c(1417): Start node <sil>.0:2:46
INFO: fsg_search.c(1417): Start node <sil>.0:2:46
INFO: fsg_search.c(1417): Start node <sil>.0:2:46
INFO: fsg_search.c(1417): Start node <sil>.0:2:46
INFO: fsg_search.c(1417): Start node <sil>.0:2:46
INFO: fsg_search.c(1417): Start node <sil>.0:2:46
INFO: fsg_search.c(1417): Start node <sil>.0:2:46
INFO: fsg_search.c(1417): Start node <sil>.0:2:46
INFO: fsg_search.c(1456): End node <sil>.80:82:82 (-841)
INFO: fsg_search.c(1456): End node <sil>.80:82:82 (-841)
INFO: fsg_search.c(1456): End node <sil>.80:82:82 (-841)
INFO: fsg_search.c(1456): End node <sil>.80:82:82 (-841)
INFO: fsg_search.c(1456): End node <sil>.80:82:82 (-841)
INFO: fsg_search.c(1456): End node <sil>.80:82:82 (-841)
INFO: fsg_search.c(1456): End node <sil>.80:82:82 (-841)
INFO: fsg_search.c(1456): End node MY.40:48:82 (-1386)
INFO: fsg_search.c(1456): End node HEY.27:37:82 (-1884)
INFO: fsg_search.c(1456): End node HI.26:31:82 (-1257)
INFO: fsg_search.c(1680): lattice start node <s>.0 end node </s>.83
INFO: ps_lattice.c(1365): Normalizer P(O) = alpha(</s>:83:83) = -263906
INFO: ps_lattice.c(1403): Joint P(O,S) = -264089 P(S|O) = -183
INFO: cmn_prior.c(121): cmn_prior_update: from < 58.40  0.72 -0.63  0.06 -0.55  0.42  0.39 -1.16 -1.12 -0.16 -0.05 -0.23  0.51 >
INFO: cmn_prior.c(139): cmn_prior_update: to   < 61.01  1.48 -0.13 -0.11 -0.65  0.27 -0.50 -1.40 -1.10  0.00 -0.93 -0.37  0.33 >
INFO: fsg_search.c(1032): 130 frames, 17184 HMMs (132/fr), 23524 senones (180/fr), 8880 history entries (68/fr)

INFO: fsg_search.c(1417): Start node TWO.0:5:14
INFO: fsg_search.c(1417): Start node EIGHT.0:5:18
INFO: fsg_search.c(1417): Start node <sil>.0:2:33
INFO: fsg_search.c(1417): Start node <sil>.0:2:33
INFO: fsg_search.c(1417): Start node <sil>.0:2:33
INFO: fsg_search.c(1417): Start node <sil>.0:2:33
INFO: fsg_search.c(1417): Start node <sil>.0:2:33
INFO: fsg_search.c(1417): Start node <sil>.0:2:33
INFO: fsg_search.c(1417): Start node <sil>.0:2:33
INFO: fsg_search.c(1417): Start node <sil>.0:2:33
INFO: fsg_search.c(1417): Start node <sil>.0:2:33
INFO: fsg_search.c(1417): Start node <sil>.0:2:33
INFO: fsg_search.c(1417): Start node <sil>.0:2:33
INFO: fsg_search.c(1417): Start node <sil>.0:2:33
INFO: fsg_search.c(1417): Start node <sil>.0:2:33
INFO: fsg_search.c(1417): Start node <sil>.0:2:33
INFO: fsg_search.c(1417): Start node <sil>.0:2:33
INFO: fsg_search.c(1417): Start node <sil>.0:2:33
INFO: fsg_search.c(1417): Start node <sil>.0:2:33
INFO: fsg_search.c(1417): Start node <sil>.0:2:33
INFO: fsg_search.c(1417): Start node <sil>.0:2:33
INFO: fsg_search.c(1417): Start node <sil>.0:2:33
INFO: fsg_search.c(1417): Start node <sil>.0:2:33
INFO: fsg_search.c(1417): Start node <sil>.0:2:33
INFO: fsg_search.c(1417): Start node <sil>.0:2:33
INFO: fsg_search.c(1417): Start node <sil>.0:2:33
INFO: fsg_search.c(1417): Start node <sil>.0:2:33
INFO: fsg_search.c(1417): Start node <sil>.0:2:33
INFO: fsg_search.c(1417): Start node <sil>.0:2:33
INFO: fsg_search.c(1417): Start node <sil>.0:2:33
INFO: fsg_search.c(1417): Start node <sil>.0:2:33
INFO: fsg_search.c(1417): Start node <sil>.0:2:33
INFO: fsg_search.c(1417): Start node <sil>.0:2:33
INFO: fsg_search.c(1417): Start node <sil>.0:2:33
INFO: fsg_search.c(1417): Start node <sil>.0:2:33
INFO: fsg_search.c(1417): Start node <sil>.0:2:33
INFO: fsg_search.c(1417): Start node <sil>.0:2:33
INFO: fsg_search.c(1417): Start node <sil>.0:2:33
INFO: fsg_search.c(1456): End node <sil>.109:111:129 (-766)
INFO: fsg_search.c(1456): End node <sil>.109:111:129 (-766)
INFO: fsg_search.c(1456): End node <sil>.109:111:129 (-766)
INFO: fsg_search.c(1456): End node <sil>.108:111:129 (-897)
INFO: fsg_search.c(1456): End node <sil>.108:111:129 (-897)
INFO: fsg_search.c(1456): End node <sil>.108:111:129 (-897)
INFO: fsg_search.c(1456): End node <sil>.108:111:129 (-897)
INFO: fsg_search.c(1456): End node <sil>.109:111:129 (-766)
INFO: fsg_search.c(1456): End node IS.82:87:129 (-1277)
INFO: fsg_search.c(1680): lattice start node <s>.0 end node </s>.130
INFO: ps_lattice.c(1365): Normalizer P(O) = alpha(</s>:130:130) = -560126
INFO: ps_lattice.c(1403): Joint P(O,S) = -560126 P(S|O) = 0
INFO: cmn_prior.c(121): cmn_prior_update: from < 61.01  1.48 -0.13 -0.11 -0.65  0.27 -0.50 -1.40 -1.10  0.00 -0.93 -0.37  0.33 >
INFO: cmn_prior.c(139): cmn_prior_update: to   < 61.08  1.97 -0.48 -0.24 -0.70  0.15 -0.49 -1.24 -0.96 -0.05 -0.94 -0.30  0.24 >
INFO: fsg_search.c(1032): 90 frames, 13793 HMMs (153/fr), 19015 senones (211/fr), 6644 history entries (73/fr)

INFO: fsg_search.c(1417): Start node <sil>.0:2:31
INFO: fsg_search.c(1417): Start node <sil>.0:2:31
INFO: fsg_search.c(1417): Start node <sil>.0:2:31
INFO: fsg_search.c(1417): Start node <sil>.0:2:31
INFO: fsg_search.c(1417): Start node <sil>.0:2:31
INFO: fsg_search.c(1417): Start node <sil>.0:2:31
INFO: fsg_search.c(1417): Start node <sil>.0:2:30
INFO: fsg_search.c(1417): Start node <sil>.0:2:30
INFO: fsg_search.c(1417): Start node <sil>.0:2:30
INFO: fsg_search.c(1417): Start node <sil>.0:2:31
INFO: fsg_search.c(1417): Start node <sil>.0:2:31
INFO: fsg_search.c(1417): Start node <sil>.0:2:31
INFO: fsg_search.c(1417): Start node <sil>.0:2:31
INFO: fsg_search.c(1417): Start node <sil>.0:2:31
INFO: fsg_search.c(1417): Start node <sil>.0:2:31
INFO: fsg_search.c(1417): Start node <sil>.0:2:31
INFO: fsg_search.c(1417): Start node <sil>.0:2:31
INFO: fsg_search.c(1417): Start node <sil>.0:2:31
INFO: fsg_search.c(1417): Start node <sil>.0:2:31
INFO: fsg_search.c(1417): Start node <sil>.0:2:31
INFO: fsg_search.c(1417): Start node <sil>.0:2:31
INFO: fsg_search.c(1417): Start node <sil>.0:2:31
INFO: fsg_search.c(1417): Start node <sil>.0:2:31
INFO: fsg_search.c(1417): Start node <sil>.0:2:31
INFO: fsg_search.c(1417): Start node <sil>.0:2:31
INFO: fsg_search.c(1417): Start node <sil>.0:2:31
INFO: fsg_search.c(1417): Start node <sil>.0:2:31
INFO: fsg_search.c(1417): Start node <sil>.0:2:31
INFO: fsg_search.c(1417): Start node <sil>.0:2:31
INFO: fsg_search.c(1417): Start node <sil>.0:2:31
INFO: fsg_search.c(1417): Start node <sil>.0:2:31
INFO: fsg_search.c(1417): Start node <sil>.0:2:31
INFO: fsg_search.c(1417): Start node <sil>.0:2:31
INFO: fsg_search.c(1417): Start node <sil>.0:2:31
INFO: fsg_search.c(1417): Start node <sil>.0:2:31
INFO: fsg_search.c(1417): Start node <sil>.0:2:31
INFO: fsg_search.c(1417): Start node <sil>.0:2:31
INFO: fsg_search.c(1417): Start node <sil>.0:2:31
INFO: fsg_search.c(1456): End node ITEM.68:87:89 (-2929)
INFO: fsg_search.c(1456): End node <sil>.82:84:89 (-855)
INFO: fsg_search.c(1456): End node <sil>.82:84:89 (-855)
INFO: fsg_search.c(1456): End node <sil>.82:84:89 (-855)
INFO: fsg_search.c(1456): End node <sil>.82:84:89 (-855)
INFO: fsg_search.c(1456): End node <sil>.82:84:89 (-855)
INFO: fsg_search.c(1456): End node <sil>.82:84:89 (-855)
INFO: fsg_search.c(1456): End node <sil>.82:84:89 (-855)
INFO: fsg_search.c(1456): End node <sil>.82:84:89 (-855)
INFO: fsg_search.c(1456): End node <sil>.82:84:89 (-855)
INFO: fsg_search.c(1456): End node <sil>.82:84:89 (-855)
INFO: fsg_search.c(1456): End node <sil>.82:84:89 (-855)
INFO: fsg_search.c(1456): End node AN(2).74:79:89 (-849)
INFO: fsg_search.c(1456): End node DELIVER.21:50:89 (-4241)
INFO: fsg_search.c(1680): lattice start node <s>.0 end node </s>.90
INFO: ps_lattice.c(1365): Normalizer P(O) = alpha(</s>:90:90) = -356607
INFO: ps_lattice.c(1403): Joint P(O,S) = -356607 P(S|O) = 0
INFO: fsg_search.c(1032): 109 frames, 13293 HMMs (121/fr), 16129 senones (147/fr), 7262 history entries (66/fr)

INFO: fsg_search.c(1417): Start node <sil>.0:2:35
INFO: fsg_search.c(1417): Start node <sil>.0:2:35
INFO: fsg_search.c(1417): Start node <sil>.0:2:35
INFO: fsg_search.c(1417): Start node <sil>.0:2:35
INFO: fsg_search.c(1417): Start node <sil>.0:2:35
INFO: fsg_search.c(1417): Start node <sil>.0:2:35
INFO: fsg_search.c(1417): Start node <sil>.0:2:35
INFO: fsg_search.c(1417): Start node <sil>.0:2:35
INFO: fsg_search.c(1417): Start node <sil>.0:2:35
INFO: fsg_search.c(1417): Start node <sil>.0:2:35
INFO: fsg_search.c(1417): Start node <sil>.0:2:35
INFO: fsg_search.c(1417): Start node <sil>.0:2:35
INFO: fsg_search.c(1417): Start node <sil>.0:2:35
INFO: fsg_search.c(1417): Start node <sil>.0:2:35
INFO: fsg_search.c(1417): Start node <sil>.0:2:34
INFO: fsg_search.c(1417): Start node <sil>.0:2:34
INFO: fsg_search.c(1417): Start node <sil>.0:2:34
INFO: fsg_search.c(1417): Start node <sil>.0:2:35
INFO: fsg_search.c(1417): Start node <sil>.0:2:35
INFO: fsg_search.c(1417): Start node <sil>.0:2:34
INFO: fsg_search.c(1417): Start node <sil>.0:2:34
INFO: fsg_search.c(1417): Start node <sil>.0:2:34
INFO: fsg_search.c(1417): Start node <sil>.0:2:35
INFO: fsg_search.c(1417): Start node <sil>.0:2:35
INFO: fsg_search.c(1417): Start node <sil>.0:2:35
INFO: fsg_search.c(1417): Start node <sil>.0:2:35
INFO: fsg_search.c(1417): Start node <sil>.0:2:35
INFO: fsg_search.c(1417): Start node <sil>.0:2:35
INFO: fsg_search.c(1417): Start node <sil>.0:2:35
INFO: fsg_search.c(1417): Start node <sil>.0:2:35
INFO: fsg_search.c(1417): Start node <sil>.0:2:35
INFO: fsg_search.c(1417): Start node <sil>.0:2:35
INFO: fsg_search.c(1417): Start node <sil>.0:2:35
INFO: fsg_search.c(1456): End node <sil>.101:103:108 (-776)
INFO: fsg_search.c(1456): End node <sil>.101:103:108 (-776)
INFO: fsg_search.c(1456): End node <sil>.101:103:108 (-776)
INFO: fsg_search.c(1456): End node <sil>.101:103:108 (-776)
INFO: fsg_search.c(1456): End node <sil>.61:63:108 (-785)
INFO: fsg_search.c(1456): End node <sil>.61:63:108 (-785)
INFO: fsg_search.c(1456): End node <sil>.61:63:108 (-785)
INFO: fsg_search.c(1456): End node <sil>.61:63:108 (-785)
INFO: fsg_search.c(1456): End node <sil>.61:63:108 (-785)
INFO: fsg_search.c(1456): End node <sil>.61:63:108 (-785)
INFO: fsg_search.c(1456): End node <sil>.61:63:108 (-785)
INFO: fsg_search.c(1456): End node <sil>.61:63:108 (-785)
INFO: fsg_search.c(1456): End node <sil>.61:63:108 (-785)
INFO: fsg_search.c(1456): End node <sil>.61:63:108 (-785)
INFO: fsg_search.c(1456): End node <sil>.61:63:108 (-785)
INFO: fsg_search.c(1456): End node <sil>.61:63:108 (-785)
INFO: fsg_search.c(1456): End node <sil>.61:63:108 (-785)
INFO: fsg_search.c(1456): End node YES.23:47:108 (-3124)
INFO: fsg_search.c(1456): End node YES.23:47:108 (-3124)
INFO: fsg_search.c(1456): End node YES.23:47:108 (-3124)
INFO: fsg_search.c(1456): End node YES.23:47:108 (-3124)
INFO: fsg_search.c(1680): lattice start node <s>.0 end node </s>.109
INFO: ps_lattice.c(1365): Normalizer P(O) = alpha(</s>:109:109) = -292210
INFO: ps_lattice.c(1403): Joint P(O,S) = -306072 P(S|O) = -13862
INFO: fsg_search.c(1032): 75 frames, 13163 HMMs (175/fr), 18250 senones (243/fr), 7696 history entries (102/fr)

INFO: fsg_search.c(1417): Start node TWO.0:5:10
INFO: fsg_search.c(1417): Start node EIGHT.0:5:13
INFO: fsg_search.c(1417): Start node <sil>.0:2:31
INFO: fsg_search.c(1417): Start node <sil>.0:2:31
INFO: fsg_search.c(1417): Start node <sil>.0:2:31
INFO: fsg_search.c(1417): Start node <sil>.0:2:31
INFO: fsg_search.c(1417): Start node <sil>.0:2:31
INFO: fsg_search.c(1417): Start node <sil>.0:2:31
INFO: fsg_search.c(1417): Start node <sil>.0:2:31
INFO: fsg_search.c(1417): Start node <sil>.0:2:31
INFO: fsg_search.c(1417): Start node <sil>.0:2:31
INFO: fsg_search.c(1417): Start node <sil>.0:2:31
INFO: fsg_search.c(1417): Start node <sil>.0:2:31
INFO: fsg_search.c(1417): Start node <sil>.0:2:31
INFO: fsg_search.c(1417): Start node <sil>.0:2:31
INFO: fsg_search.c(1456): End node OH.72:74:74 (-611)
INFO: fsg_search.c(1456): End node TWO.69:74:74 (-1165)
INFO: fsg_search.c(1456): End node <sil>.72:74:74 (-714)
INFO: fsg_search.c(1456): End node <sil>.72:74:74 (-714)
INFO: fsg_search.c(1456): End node <sil>.72:74:74 (-714)
INFO: fsg_search.c(1456): End node <sil>.72:74:74 (-714)
INFO: fsg_search.c(1456): End node PLEASE.24:73:74 (-6399)
INFO: fsg_search.c(1456): End node <sil>.70:72:74 (-768)
INFO: fsg_search.c(1456): End node <sil>.70:72:74 (-768)
INFO: fsg_search.c(1456): End node <sil>.70:72:74 (-768)
INFO: fsg_search.c(1456): End node <sil>.70:72:74 (-768)
INFO: fsg_search.c(1456): End node <sil>.70:72:74 (-768)
INFO: fsg_search.c(1456): End node <sil>.70:72:74 (-768)
INFO: fsg_search.c(1456): End node <sil>.70:72:74 (-768)
INFO: fsg_search.c(1456): End node <sil>.70:72:74 (-768)
INFO: fsg_search.c(1456): End node <sil>.70:72:74 (-768)
INFO: fsg_search.c(1456): End node <sil>.70:72:74 (-768)
INFO: fsg_search.c(1456): End node THREE.26:66:74 (-4694)
INFO: fsg_search.c(1456): End node EIGHTY.49:58:74 (-1447)
INFO: fsg_search.c(1456): End node EIGHT.49:56:74 (-1328)
INFO: fsg_search.c(1456): End node THREE.32:55:74 (-3021)
INFO: fsg_search.c(1456): End node THREE.24:42:74 (-2657)
INFO: fsg_search.c(1680): lattice start node <s>.0 end node </s>.75
INFO: ps_lattice.c(1365): Normalizer P(O) = alpha(</s>:75:75) = -280213
INFO: ps_lattice.c(1403): Joint P(O,S) = -280217 P(S|O) = -4
INFO: cmn_prior.c(121): cmn_prior_update: from < 61.08  1.97 -0.48 -0.24 -0.70  0.15 -0.49 -1.24 -0.96 -0.05 -0.94 -0.30  0.24 >
INFO: cmn_prior.c(139): cmn_prior_update: to   < 59.56  1.46  0.26 -0.35 -0.68  0.34 -0.62 -0.86 -0.72  0.12 -0.80 -0.27  0.21 >
INFO: fsg_search.c(1032): 81 frames, 11321 HMMs (139/fr), 13759 senones (169/fr), 5626 history entries (69/fr)

INFO: fsg_search.c(1417): Start node TWO.0:5:12
INFO: fsg_search.c(1417): Start node <sil>.0:2:30
INFO: fsg_search.c(1417): Start node <sil>.0:2:30
INFO: fsg_search.c(1417): Start node <sil>.0:2:30
INFO: fsg_search.c(1417): Start node <sil>.0:2:30
INFO: fsg_search.c(1417): Start node <sil>.0:2:30
INFO: fsg_search.c(1417): Start node <sil>.0:2:30
INFO: fsg_search.c(1417): Start node <sil>.0:2:30
INFO: fsg_search.c(1417): Start node <sil>.0:2:30
INFO: fsg_search.c(1417): Start node <sil>.0:2:30
INFO: fsg_search.c(1417): Start node <sil>.0:2:30
INFO: fsg_search.c(1417): Start node <sil>.0:2:30
INFO: fsg_search.c(1417): Start node <sil>.0:2:30
INFO: fsg_search.c(1417): Start node <sil>.0:2:30
INFO: fsg_search.c(1417): Start node <sil>.0:2:30
INFO: fsg_search.c(1417): Start node <sil>.0:2:30
INFO: fsg_search.c(1417): Start node <sil>.0:2:30
INFO: fsg_search.c(1417): Start node <sil>.0:2:30
INFO: fsg_search.c(1417): Start node <sil>.0:2:30
INFO: fsg_search.c(1417): Start node <sil>.0:2:30
INFO: fsg_search.c(1417): Start node <sil>.0:2:30
INFO: fsg_search.c(1417): Start node <sil>.0:2:30
INFO: fsg_search.c(1417): Start node <sil>.0:2:30
INFO: fsg_search.c(1417): Start node <sil>.0:2:30
INFO: fsg_search.c(1417): Start node <sil>.0:2:30
INFO: fsg_search.c(1417): Start node <sil>.0:2:30
INFO: fsg_search.c(1417): Start node <sil>.0:2:30
INFO: fsg_search.c(1417): Start node <sil>.0:2:30
INFO: fsg_search.c(1417): Start node <sil>.0:2:30
INFO: fsg_search.c(1417): Start node <sil>.0:2:30
INFO: fsg_search.c(1417): Start node <sil>.0:2:30
INFO: fsg_search.c(1417): Start node <sil>.0:2:30
INFO: fsg_search.c(1456): End node <sil>.50:52:80 (-810)
INFO: fsg_search.c(1456): End node <sil>.50:52:80 (-810)
INFO: fsg_search.c(1456): End node <sil>.50:52:80 (-810)
INFO: fsg_search.c(1456): End node <sil>.50:52:80 (-810)
INFO: fsg_search.c(1456): End node <sil>.50:52:80 (-810)
INFO: fsg_search.c(1456): End node <sil>.50:52:80 (-810)
INFO: fsg_search.c(1456): End node <sil>.50:52:80 (-810)
INFO: fsg_search.c(1456): End node <sil>.50:52:80 (-810)
INFO: fsg_search.c(1456): End node <sil>.50:52:80 (-810)
INFO: fsg_search.c(1456): End node <sil>.50:52:80 (-810)
INFO: fsg_search.c(1456): End node <sil>.50:52:80 (-810)
INFO: fsg_search.c(1456): End node <sil>.50:52:80 (-810)
INFO: fsg_search.c(1456): End node <sil>.50:52:80 (-810)
INFO: fsg_search.c(1456): End node <sil>.48:50:80 (-856)
INFO: fsg_search.c(1456): End node <sil>.48:50:80 (-856)
INFO: fsg_search.c(1456): End node <sil>.48:50:80 (-856)
INFO: fsg_search.c(1456): End node <sil>.48:50:80 (-856)
INFO: fsg_search.c(1456): End node <sil>.48:50:80 (-856)
INFO: fsg_search.c(1456): End node YES.24:39:80 (-2172)
INFO: fsg_search.c(1456): End node YES.24:39:80 (-2172)
INFO: fsg_search.c(1456): End node YES.24:39:80 (-2172)
INFO: fsg_search.c(1456): End node YES.24:39:80 (-2172)
INFO: fsg_search.c(1680): lattice start node <s>.0 end node </s>.81
INFO: ps_lattice.c(1365): Normalizer P(O) = alpha(</s>:81:81) = -248842
INFO: ps_lattice.c(1403): Joint P(O,S) = -262706 P(S|O) = -13864
INFO: fsg_search.c(1032): 81 frames, 23749 HMMs (293/fr), 28410 senones (350/fr), 14603 history entries (180/fr)

INFO: fsg_search.c(1417): Start node YES.0:10:37
INFO: fsg_search.c(1417): Start node YES.0:10:37
INFO: fsg_search.c(1417): Start node YES.0:10:37
INFO: fsg_search.c(1417): Start node YES.0:10:37
INFO: fsg_search.c(1417): Start node SUP.0:8:38
INFO: fsg_search.c(1417): Start node CAN(2).0:8:22
INFO: fsg_search.c(1417): Start node YUP.0:8:25
INFO: fsg_search.c(1417): Start node YUP.0:8:25
INFO: fsg_search.c(1417): Start node THREE.0:8:9
INFO: fsg_search.c(1417): Start node YUP.0:8:25
INFO: fsg_search.c(1417): Start node YUP.0:8:25
INFO: fsg_search.c(1417): Start node HI.0:5:24
INFO: fsg_search.c(1417): Start node HEY.0:5:34
INFO: fsg_search.c(1417): Start node YEAH.0:5:23
INFO: fsg_search.c(1417): Start node NO.0:5:19
INFO: fsg_search.c(1417): Start node YEAH.0:5:23
INFO: fsg_search.c(1417): Start node NO.0:5:19
INFO: fsg_search.c(1417): Start node TWO.0:5:15
INFO: fsg_search.c(1417): Start node EIGHT.0:5:29
INFO: fsg_search.c(1417): Start node YEAH.0:5:23
INFO: fsg_search.c(1417): Start node NO.0:5:19
INFO: fsg_search.c(1417): Start node YEAH.0:5:23
INFO: fsg_search.c(1417): Start node NO.0:5:19
INFO: fsg_search.c(1417): Start node <sil>.0:2:47
INFO: fsg_search.c(1417): Start node <sil>.0:2:47
INFO: fsg_search.c(1417): Start node <sil>.0:2:47
INFO: fsg_search.c(1417): Start node <sil>.0:2:47
INFO: fsg_search.c(1417): Start node <sil>.0:2:47
INFO: fsg_search.c(1417): Start node <sil>.0:2:47
INFO: fsg_search.c(1417): Start node <sil>.0:2:47
INFO: fsg_search.c(1417): Start node <sil>.0:2:47
INFO: fsg_search.c(1417): Start node <sil>.0:2:47
INFO: fsg_search.c(1417): Start node <sil>.0:2:47
INFO: fsg_search.c(1417): Start node <sil>.0:2:47
INFO: fsg_search.c(1417): Start node <sil>.0:2:47
INFO: fsg_search.c(1417): Start node <sil>.0:2:47
INFO: fsg_search.c(1417): Start node <sil>.0:2:47
INFO: fsg_search.c(1417): Start node <sil>.0:2:47
INFO: fsg_search.c(1417): Start node <sil>.0:2:47
INFO: fsg_search.c(1417): Start node <sil>.0:2:47
INFO: fsg_search.c(1417): Start node <sil>.0:2:47
INFO: fsg_search.c(1417): Start node <sil>.0:2:47
INFO: fsg_search.c(1417): Start node <sil>.0:2:47
INFO: fsg_search.c(1417): Start node <sil>.0:2:47
INFO: fsg_search.c(1417): Start node <sil>.0:2:47
INFO: fsg_search.c(1417): Start node <sil>.0:2:47
INFO: fsg_search.c(1456): End node <sil>.78:80:80 (-805)
INFO: fsg_search.c(1456): End node <sil>.78:80:80 (-805)
INFO: fsg_search.c(1456): End node <sil>.78:80:80 (-805)
INFO: fsg_search.c(1456): End node OH.78:80:80 (-598)
INFO: fsg_search.c(1456): End node <sil>.78:80:80 (-805)
INFO: fsg_search.c(1456): End node <sil>.78:80:80 (-805)
INFO: fsg_search.c(1456): End node <sil>.78:80:80 (-805)
INFO: fsg_search.c(1456): End node <sil>.78:80:80 (-805)
INFO: fsg_search.c(1456): End node <sil>.78:80:80 (-805)
INFO: fsg_search.c(1456): End node <sil>.78:80:80 (-805)
INFO: fsg_search.c(1456): End node <sil>.78:80:80 (-805)
INFO: fsg_search.c(1456): End node <sil>.78:80:80 (-805)
INFO: fsg_search.c(1456): End node <sil>.78:80:80 (-805)
INFO: fsg_search.c(1456): End node <sil>.78:80:80 (-805)
INFO: fsg_search.c(1456): End node FOUR.32:48:80 (-2197)
INFO: fsg_search.c(1456): End node FOUR.32:43:80 (-1667)
INFO: fsg_search.c(1456): End node FOUR.32:42:80 (-1546)
INFO: fsg_search.c(1680): lattice start node <s>.0 end node </s>.81
INFO: ps_lattice.c(1365): Normalizer P(O) = alpha(</s>:81:81) = -304029
INFO: ps_lattice.c(1403): Joint P(O,S) = -305407 P(S|O) = -1378
INFO: cmn_prior.c(121): cmn_prior_update: from < 59.78  1.84 -0.02 -0.61 -0.62  0.34 -0.66 -0.92 -0.72  0.06 -0.77 -0.26  0.20 >
INFO: cmn_prior.c(139): cmn_prior_update: to   < 59.53  1.91  0.04 -0.62 -0.61  0.29 -0.68 -0.95 -0.71  0.05 -0.75 -0.23  0.23 >
INFO: fsg_search.c(1032): 84 frames, 15619 HMMs (185/fr), 19110 senones (227/fr), 8977 history entries (106/fr)

INFO: fsg_search.c(1417): Start node TWO.0:5:10
INFO: fsg_search.c(1417): Start node EIGHT.0:5:21
INFO: fsg_search.c(1417): Start node <sil>.0:2:36
INFO: fsg_search.c(1417): Start node <sil>.0:2:36
INFO: fsg_search.c(1417): Start node <sil>.0:2:36
INFO: fsg_search.c(1417): Start node <sil>.0:2:36
INFO: fsg_search.c(1417): Start node <sil>.0:2:35
INFO: fsg_search.c(1417): Start node <sil>.0:2:35
INFO: fsg_search.c(1417): Start node <sil>.0:2:35
INFO: fsg_search.c(1417): Start node <sil>.0:2:36
INFO: fsg_search.c(1417): Start node <sil>.0:2:36
INFO: fsg_search.c(1417): Start node <sil>.0:2:36
INFO: fsg_search.c(1417): Start node <sil>.0:2:36
INFO: fsg_search.c(1417): Start node <sil>.0:2:36
INFO: fsg_search.c(1417): Start node <sil>.0:2:36
INFO: fsg_search.c(1417): Start node <sil>.0:2:36
INFO: fsg_search.c(1417): Start node <sil>.0:2:36
INFO: fsg_search.c(1417): Start node <sil>.0:2:36
INFO: fsg_search.c(1417): Start node <sil>.0:2:36
INFO: fsg_search.c(1417): Start node <sil>.0:2:35
INFO: fsg_search.c(1417): Start node <sil>.0:2:35
INFO: fsg_search.c(1417): Start node <sil>.0:2:35
INFO: fsg_search.c(1417): Start node <sil>.0:2:36
INFO: fsg_search.c(1417): Start node <sil>.0:2:36
INFO: fsg_search.c(1417): Start node <sil>.0:2:35
INFO: fsg_search.c(1417): Start node <sil>.0:2:35
INFO: fsg_search.c(1417): Start node <sil>.0:2:35
INFO: fsg_search.c(1417): Start node <sil>.0:2:36
INFO: fsg_search.c(1417): Start node <sil>.0:2:36
INFO: fsg_search.c(1417): Start node <sil>.0:2:36
INFO: fsg_search.c(1417): Start node <sil>.0:2:36
INFO: fsg_search.c(1417): Start node <sil>.0:2:36
INFO: fsg_search.c(1417): Start node <sil>.0:2:36
INFO: fsg_search.c(1417): Start node <sil>.0:2:36
INFO: fsg_search.c(1417): Start node <sil>.0:2:36
INFO: fsg_search.c(1417): Start node <sil>.0:2:36
INFO: fsg_search.c(1417): Start node <sil>.0:2:36
INFO: fsg_search.c(1417): Start node <sil>.0:2:36
INFO: fsg_search.c(1456): End node <sil>.71:73:83 (-807)
INFO: fsg_search.c(1456): End node <sil>.71:73:83 (-807)
INFO: fsg_search.c(1456): End node <sil>.71:73:83 (-807)
INFO: fsg_search.c(1456): End node <sil>.71:73:83 (-807)
INFO: fsg_search.c(1456): End node <sil>.71:73:83 (-807)
INFO: fsg_search.c(1456): End node <sil>.71:73:83 (-807)
INFO: fsg_search.c(1456): End node <sil>.71:73:83 (-807)
INFO: fsg_search.c(1456): End node <sil>.71:73:83 (-807)
INFO: fsg_search.c(1456): End node <sil>.71:73:83 (-807)
INFO: fsg_search.c(1456): End node <sil>.71:73:83 (-807)
INFO: fsg_search.c(1456): End node <sil>.71:73:83 (-807)
INFO: fsg_search.c(1456): End node <sil>.71:73:83 (-807)
INFO: fsg_search.c(1456): End node <sil>.71:73:83 (-807)
INFO: fsg_search.c(1456): End node NOPE.23:58:83 (-5015)
INFO: fsg_search.c(1456): End node NOPE.23:58:83 (-5015)
INFO: fsg_search.c(1456): End node NOPE.23:58:83 (-5015)
INFO: fsg_search.c(1456): End node NOPE.23:58:83 (-5015)
INFO: fsg_search.c(1456): End node NO.23:28:83 (-1330)
INFO: fsg_search.c(1456): End node NO.23:28:83 (-1330)
INFO: fsg_search.c(1456): End node NO.23:28:83 (-1330)
INFO: fsg_search.c(1456): End node NO.23:28:83 (-1330)
INFO: fsg_search.c(1680): lattice start node <s>.0 end node </s>.84
INFO: ps_lattice.c(1365): Normalizer P(O) = alpha(</s>:84:84) = -206555
INFO: ps_lattice.c(1403): Joint P(O,S) = -220416 P(S|O) = -13861
INFO: fsg_search.c(1032): 81 frames, 15967 HMMs (197/fr), 20699 senones (255/fr), 7976 history entries (98/fr)

INFO: fsg_search.c(1417): Start node HI.0:5:10
INFO: fsg_search.c(1417): Start node HEY.0:5:16
INFO: fsg_search.c(1417): Start node <sil>.0:2:42
INFO: fsg_search.c(1417): Start node <sil>.0:2:42
INFO: fsg_search.c(1417): Start node <sil>.0:2:42
INFO: fsg_search.c(1417): Start node <sil>.0:2:42
INFO: fsg_search.c(1417): Start node <sil>.0:2:42
INFO: fsg_search.c(1417): Start node <sil>.0:2:42
INFO: fsg_search.c(1417): Start node <sil>.0:2:42
INFO: fsg_search.c(1417): Start node <sil>.0:2:42
INFO: fsg_search.c(1417): Start node <sil>.0:2:42
INFO: fsg_search.c(1417): Start node <sil>.0:2:42
INFO: fsg_search.c(1417): Start node <sil>.0:2:42
INFO: fsg_search.c(1417): Start node <sil>.0:2:42
INFO: fsg_search.c(1417): Start node <sil>.0:2:42
INFO: fsg_search.c(1417): Start node <sil>.0:2:42
INFO: fsg_search.c(1417): Start node <sil>.0:2:42
INFO: fsg_search.c(1417): Start node <sil>.0:2:42
INFO: fsg_search.c(1417): Start node <sil>.0:2:42
INFO: fsg_search.c(1417): Start node <sil>.0:2:42
INFO: fsg_search.c(1417): Start node <sil>.0:2:42
INFO: fsg_search.c(1417): Start node <sil>.0:2:42
INFO: fsg_search.c(1417): Start node <sil>.0:2:42
INFO: fsg_search.c(1417): Start node <sil>.0:2:42
INFO: fsg_search.c(1417): Start node <sil>.0:2:42
INFO: fsg_search.c(1417): Start node <sil>.0:2:42
INFO: fsg_search.c(1417): Start node <sil>.0:2:42
INFO: fsg_search.c(1417): Start node <sil>.0:2:42
INFO: fsg_search.c(1417): Start node <sil>.0:2:42
INFO: fsg_search.c(1417): Start node <sil>.0:2:42
INFO: fsg_search.c(1417): Start node <sil>.0:2:42
INFO: fsg_search.c(1417): Start node <sil>.0:2:42
INFO: fsg_search.c(1417): Start node <sil>.0:2:42
INFO: fsg_search.c(1417): Start node <sil>.0:2:42
INFO: fsg_search.c(1417): Start node <sil>.0:2:42
INFO: fsg_search.c(1456): End node <sil>.74:76:80 (-737)
INFO: fsg_search.c(1456): End node <sil>.74:76:80 (-737)
INFO: fsg_search.c(1456): End node <sil>.74:76:80 (-737)
INFO: fsg_search.c(1456): End node <sil>.74:76:80 (-737)
INFO: fsg_search.c(1456): End node <sil>.74:76:80 (-737)
INFO: fsg_search.c(1456): End node <sil>.74:76:80 (-737)
INFO: fsg_search.c(1456): End node <sil>.74:76:80 (-737)
INFO: fsg_search.c(1456): End node MY.36:41:80 (-1125)
INFO: fsg_search.c(1456): End node HI.22:27:80 (-1091)
INFO: fsg_search.c(1456): End node HEY.19:24:80 (-1338)
INFO: fsg_search.c(1680): lattice start node <s>.0 end node </s>.81
INFO: ps_lattice.c(1365): Normalizer P(O) = alpha(</s>:81:81) = -201145
INFO: ps_lattice.c(1403): Joint P(O,S) = -205362 P(S|O) = -4217
