READY....
Listening...
Stopped listening, please wait...
000000000: GUIDE
READY....
Listening...
Stopped listening, please wait...
000000001: HI
READY....
Listening...
Stopped listening, please wait...
000000002: MY NAME IS
READY....
Listening...
Stopped listening, please wait...
000000003: DELIVER
READY....
Listening...
Stopped listening, please wait...
000000004: YES
READY....
Listening...
Stopped listening, please wait...
000000005: THREE
READY....
Listening...
Stopped listening, please wait...
000000006: YES
READY....
Listening...
Stopped listening, please wait...
000000007: FOUR
READY....
Listening...
Stopped listening, please wait...
000000008: NO
READY....
Listening...
Stopped listening, please wait...
000000009: HEY
READY....
Listening...
