READY....
Listening...
Stopped listening, please wait...
000000000: YEAH
READY....
Listening...
Stopped listening, please wait...
000000001: MOVE
READY....
Listening...
Stopped listening, please wait...
000000002: YEAH
READY....
Listening...
Stopped listening, please wait...
000000003: 
READY....
Listening...
Stopped listening, please wait...
000000004: GO
READY....
Listening...
Stopped listening, please wait...
000000005: HI
READY....
Listening...
Stopped listening, please wait...
000000006: YEAH
READY....
Listening...
Stopped listening, please wait...
000000007: HI
READY....
Listening...
Stopped listening, please wait...
000000008: HI
READY....
Listening...
Stopped listening, please wait...
000000009: MOVE
READY....
Listening...
Stopped listening, please wait...
000000010: YEAH
READY....
Listening...
Stopped listening, please wait...
000000011: YEAH
READY....
Listening...
Stopped listening, please wait...
000000012: DO A
READY....
Listening...
Stopped listening, please wait...
000000013: DO A
READY....
Listening...
Stopped listening, please wait...
000000014: YEAH
READY....
Listening...
Stopped listening, please wait...
000000015: YEAH
READY....
Listening...
Stopped listening, please wait...
000000016: YEAH
READY....
Listening...
Stopped listening, please wait...
000000017: NO
READY....
Listening...
Stopped listening, please wait...
000000018: HI
READY....
Listening...
Stopped listening, please wait...
000000019: HI
READY....
Listening...
Stopped listening, please wait...
000000020: YEAH
READY....
Listening...
Stopped listening, please wait...
000000021: YEAH
READY....
Listening...
Stopped listening, please wait...
000000022: YEAH
READY....
Listening...
Stopped listening, please wait...
000000023: DO
READY....
Listening...
Stopped listening, please wait...
000000024: (null)
READY....
Listening...
